02-May-2019 19:08:47.904 INFO [main] org.apache.catalina.startup.VersionLoggerListener.log Server version:        Apache Tomcat/8.5.40
02-May-2019 19:08:47.907 INFO [main] org.apache.catalina.startup.VersionLoggerListener.log Server built:          Apr 10 2019 14:31:19 UTC
02-May-2019 19:08:47.908 INFO [main] org.apache.catalina.startup.VersionLoggerListener.log Server number:         8.5.40.0
02-May-2019 19:08:47.908 INFO [main] org.apache.catalina.startup.VersionLoggerListener.log OS Name:               Windows 7
02-May-2019 19:08:47.909 INFO [main] org.apache.catalina.startup.VersionLoggerListener.log OS Version:            6.1
02-May-2019 19:08:47.909 INFO [main] org.apache.catalina.startup.VersionLoggerListener.log Architecture:          amd64
02-May-2019 19:08:47.910 INFO [main] org.apache.catalina.startup.VersionLoggerListener.log Java Home:             C:\Users\kausen2\Desktop\Tomcat and chrome\jdk1.8.0_51\jre
02-May-2019 19:08:47.910 INFO [main] org.apache.catalina.startup.VersionLoggerListener.log JVM Version:           1.8.0_51-b16
02-May-2019 19:08:47.911 INFO [main] org.apache.catalina.startup.VersionLoggerListener.log JVM Vendor:            Oracle Corporation
02-May-2019 19:08:47.912 INFO [main] org.apache.catalina.startup.VersionLoggerListener.log CATALINA_BASE:         C:\Users\kausen2\Desktop\Tomcat and chrome\apache-tomcat-8.5.40
02-May-2019 19:08:47.912 INFO [main] org.apache.catalina.startup.VersionLoggerListener.log CATALINA_HOME:         C:\Users\kausen2\Desktop\Tomcat and chrome\apache-tomcat-8.5.40
02-May-2019 19:08:47.914 INFO [main] org.apache.catalina.startup.VersionLoggerListener.log Command line argument: -Djava.util.logging.config.file=C:\Users\kausen2\Desktop\Tomcat and chrome\apache-tomcat-8.5.40\conf\logging.properties
02-May-2019 19:08:47.917 INFO [main] org.apache.catalina.startup.VersionLoggerListener.log Command line argument: -Djava.util.logging.manager=org.apache.juli.ClassLoaderLogManager
02-May-2019 19:08:47.921 INFO [main] org.apache.catalina.startup.VersionLoggerListener.log Command line argument: -Djdk.tls.ephemeralDHKeySize=2048
02-May-2019 19:08:47.924 INFO [main] org.apache.catalina.startup.VersionLoggerListener.log Command line argument: -Djava.protocol.handler.pkgs=org.apache.catalina.webresources
02-May-2019 19:08:47.928 INFO [main] org.apache.catalina.startup.VersionLoggerListener.log Command line argument: -Dignore.endorsed.dirs=
02-May-2019 19:08:47.930 INFO [main] org.apache.catalina.startup.VersionLoggerListener.log Command line argument: -Dcatalina.base=C:\Users\kausen2\Desktop\Tomcat and chrome\apache-tomcat-8.5.40
02-May-2019 19:08:47.933 INFO [main] org.apache.catalina.startup.VersionLoggerListener.log Command line argument: -Dcatalina.home=C:\Users\kausen2\Desktop\Tomcat and chrome\apache-tomcat-8.5.40
02-May-2019 19:08:47.937 INFO [main] org.apache.catalina.startup.VersionLoggerListener.log Command line argument: -Djava.io.tmpdir=C:\Users\kausen2\Desktop\Tomcat and chrome\apache-tomcat-8.5.40\temp
02-May-2019 19:08:47.987 INFO [main] org.apache.catalina.core.AprLifecycleListener.lifecycleEvent Loaded APR based Apache Tomcat Native library [1.2.21] using APR version [1.6.5].
02-May-2019 19:08:47.989 INFO [main] org.apache.catalina.core.AprLifecycleListener.lifecycleEvent APR capabilities: IPv6 [true], sendfile [true], accept filters [false], random [true].
02-May-2019 19:08:47.992 INFO [main] org.apache.catalina.core.AprLifecycleListener.lifecycleEvent APR/OpenSSL configuration: useAprConnector [false], useOpenSSL [true]
02-May-2019 19:08:48.007 INFO [main] org.apache.catalina.core.AprLifecycleListener.initializeSSL OpenSSL successfully initialized [OpenSSL 1.1.1a  20 Nov 2018]
02-May-2019 19:08:48.945 INFO [main] org.apache.coyote.AbstractProtocol.init Initializing ProtocolHandler ["http-nio-8080"]
02-May-2019 19:08:49.072 INFO [main] org.apache.tomcat.util.net.NioSelectorPool.getSharedSelector Using a shared selector for servlet write/read
02-May-2019 19:08:49.103 INFO [main] org.apache.coyote.AbstractProtocol.init Initializing ProtocolHandler ["ajp-nio-8009"]
02-May-2019 19:08:49.134 INFO [main] org.apache.tomcat.util.net.NioSelectorPool.getSharedSelector Using a shared selector for servlet write/read
02-May-2019 19:08:49.164 INFO [main] org.apache.catalina.startup.Catalina.load Initialization processed in 1949 ms
02-May-2019 19:08:49.232 INFO [main] org.apache.catalina.core.StandardService.startInternal Starting service [Catalina]
02-May-2019 19:08:49.234 INFO [main] org.apache.catalina.core.StandardEngine.startInternal Starting Servlet Engine: Apache Tomcat/8.5.40
02-May-2019 19:08:49.282 INFO [localhost-startStop-1] org.apache.catalina.startup.HostConfig.deployWAR Deploying web application archive [C:\Users\kausen2\Desktop\Tomcat and chrome\apache-tomcat-8.5.40\webapps\BrowserFeedback.war]
02-May-2019 19:08:52.147 INFO [localhost-startStop-1] org.apache.jasper.servlet.TldScanner.scanJars At least one JAR was scanned for TLDs yet contained no TLDs. Enable debug logging for this logger for a complete list of JARs that were scanned but no TLDs were found in them. Skipping unneeded JARs during scanning can improve startup time and JSP compilation time.
02-May-2019 19:08:52.378 WARNING [localhost-startStop-1] org.apache.catalina.util.SessionIdGeneratorBase.createSecureRandom Creation of SecureRandom instance for session ID generation using [SHA1PRNG] took [185] milliseconds.
02-May-2019 19:08:52.633 INFO [localhost-startStop-1] org.apache.catalina.startup.HostConfig.deployWAR Deployment of web application archive [C:\Users\kausen2\Desktop\Tomcat and chrome\apache-tomcat-8.5.40\webapps\BrowserFeedback.war] has finished in [3,351] ms
02-May-2019 19:08:52.639 INFO [localhost-startStop-1] org.apache.catalina.startup.HostConfig.deployDirectory Deploying web application directory [C:\Users\kausen2\Desktop\Tomcat and chrome\apache-tomcat-8.5.40\webapps\docs]
02-May-2019 19:08:52.688 INFO [localhost-startStop-1] org.apache.catalina.startup.HostConfig.deployDirectory Deployment of web application directory [C:\Users\kausen2\Desktop\Tomcat and chrome\apache-tomcat-8.5.40\webapps\docs] has finished in [49] ms
02-May-2019 19:08:52.693 INFO [localhost-startStop-1] org.apache.catalina.startup.HostConfig.deployDirectory Deploying web application directory [C:\Users\kausen2\Desktop\Tomcat and chrome\apache-tomcat-8.5.40\webapps\examples]
02-May-2019 19:08:53.369 INFO [localhost-startStop-1] org.apache.catalina.startup.HostConfig.deployDirectory Deployment of web application directory [C:\Users\kausen2\Desktop\Tomcat and chrome\apache-tomcat-8.5.40\webapps\examples] has finished in [676] ms
02-May-2019 19:08:53.375 INFO [localhost-startStop-1] org.apache.catalina.startup.HostConfig.deployDirectory Deploying web application directory [C:\Users\kausen2\Desktop\Tomcat and chrome\apache-tomcat-8.5.40\webapps\host-manager]
02-May-2019 19:08:53.443 INFO [localhost-startStop-1] org.apache.catalina.startup.HostConfig.deployDirectory Deployment of web application directory [C:\Users\kausen2\Desktop\Tomcat and chrome\apache-tomcat-8.5.40\webapps\host-manager] has finished in [68] ms
02-May-2019 19:08:53.451 INFO [localhost-startStop-1] org.apache.catalina.startup.HostConfig.deployDirectory Deploying web application directory [C:\Users\kausen2\Desktop\Tomcat and chrome\apache-tomcat-8.5.40\webapps\manager]
02-May-2019 19:08:53.532 INFO [localhost-startStop-1] org.apache.catalina.startup.HostConfig.deployDirectory Deployment of web application directory [C:\Users\kausen2\Desktop\Tomcat and chrome\apache-tomcat-8.5.40\webapps\manager] has finished in [81] ms
02-May-2019 19:08:53.546 INFO [localhost-startStop-1] org.apache.catalina.startup.HostConfig.deployDirectory Deploying web application directory [C:\Users\kausen2\Desktop\Tomcat and chrome\apache-tomcat-8.5.40\webapps\ROOT]
02-May-2019 19:08:53.591 INFO [localhost-startStop-1] org.apache.catalina.startup.HostConfig.deployDirectory Deployment of web application directory [C:\Users\kausen2\Desktop\Tomcat and chrome\apache-tomcat-8.5.40\webapps\ROOT] has finished in [45] ms
02-May-2019 19:08:53.616 INFO [main] org.apache.coyote.AbstractProtocol.start Starting ProtocolHandler ["http-nio-8080"]
02-May-2019 19:08:53.649 INFO [main] org.apache.coyote.AbstractProtocol.start Starting ProtocolHandler ["ajp-nio-8009"]
02-May-2019 19:08:53.667 INFO [main] org.apache.catalina.startup.Catalina.start Server startup in 4499 ms
02-May-2019 19:10:45.987 INFO [main] org.apache.catalina.startup.VersionLoggerListener.log Server version:        Apache Tomcat/8.5.40
02-May-2019 19:10:45.990 INFO [main] org.apache.catalina.startup.VersionLoggerListener.log Server built:          Apr 10 2019 14:31:19 UTC
02-May-2019 19:10:45.990 INFO [main] org.apache.catalina.startup.VersionLoggerListener.log Server number:         8.5.40.0
02-May-2019 19:10:45.991 INFO [main] org.apache.catalina.startup.VersionLoggerListener.log OS Name:               Windows 7
02-May-2019 19:10:45.991 INFO [main] org.apache.catalina.startup.VersionLoggerListener.log OS Version:            6.1
02-May-2019 19:10:45.991 INFO [main] org.apache.catalina.startup.VersionLoggerListener.log Architecture:          amd64
02-May-2019 19:10:45.992 INFO [main] org.apache.catalina.startup.VersionLoggerListener.log Java Home:             C:\Users\kausen2\Desktop\Tomcat and chrome\jdk1.8.0_51\jre
02-May-2019 19:10:45.992 INFO [main] org.apache.catalina.startup.VersionLoggerListener.log JVM Version:           1.8.0_51-b16
02-May-2019 19:10:45.993 INFO [main] org.apache.catalina.startup.VersionLoggerListener.log JVM Vendor:            Oracle Corporation
02-May-2019 19:10:45.993 INFO [main] org.apache.catalina.startup.VersionLoggerListener.log CATALINA_BASE:         C:\Users\kausen2\Desktop\Tomcat and chrome\apache-tomcat-8.5.40
02-May-2019 19:10:45.994 INFO [main] org.apache.catalina.startup.VersionLoggerListener.log CATALINA_HOME:         C:\Users\kausen2\Desktop\Tomcat and chrome\apache-tomcat-8.5.40
02-May-2019 19:10:45.995 INFO [main] org.apache.catalina.startup.VersionLoggerListener.log Command line argument: -Djava.util.logging.config.file=C:\Users\kausen2\Desktop\Tomcat and chrome\apache-tomcat-8.5.40\conf\logging.properties
02-May-2019 19:10:46.000 INFO [main] org.apache.catalina.startup.VersionLoggerListener.log Command line argument: -Djava.util.logging.manager=org.apache.juli.ClassLoaderLogManager
02-May-2019 19:10:46.004 INFO [main] org.apache.catalina.startup.VersionLoggerListener.log Command line argument: -Djdk.tls.ephemeralDHKeySize=2048
02-May-2019 19:10:46.008 INFO [main] org.apache.catalina.startup.VersionLoggerListener.log Command line argument: -Djava.protocol.handler.pkgs=org.apache.catalina.webresources
02-May-2019 19:10:46.011 INFO [main] org.apache.catalina.startup.VersionLoggerListener.log Command line argument: -Dignore.endorsed.dirs=
02-May-2019 19:10:46.013 INFO [main] org.apache.catalina.startup.VersionLoggerListener.log Command line argument: -Dcatalina.base=C:\Users\kausen2\Desktop\Tomcat and chrome\apache-tomcat-8.5.40
02-May-2019 19:10:46.017 INFO [main] org.apache.catalina.startup.VersionLoggerListener.log Command line argument: -Dcatalina.home=C:\Users\kausen2\Desktop\Tomcat and chrome\apache-tomcat-8.5.40
02-May-2019 19:10:46.022 INFO [main] org.apache.catalina.startup.VersionLoggerListener.log Command line argument: -Djava.io.tmpdir=C:\Users\kausen2\Desktop\Tomcat and chrome\apache-tomcat-8.5.40\temp
02-May-2019 19:10:46.026 INFO [main] org.apache.catalina.core.AprLifecycleListener.lifecycleEvent Loaded APR based Apache Tomcat Native library [1.2.21] using APR version [1.6.5].
02-May-2019 19:10:46.030 INFO [main] org.apache.catalina.core.AprLifecycleListener.lifecycleEvent APR capabilities: IPv6 [true], sendfile [true], accept filters [false], random [true].
02-May-2019 19:10:46.033 INFO [main] org.apache.catalina.core.AprLifecycleListener.lifecycleEvent APR/OpenSSL configuration: useAprConnector [false], useOpenSSL [true]
02-May-2019 19:10:46.055 INFO [main] org.apache.catalina.core.AprLifecycleListener.initializeSSL OpenSSL successfully initialized [OpenSSL 1.1.1a  20 Nov 2018]
02-May-2019 19:10:46.280 INFO [main] org.apache.coyote.AbstractProtocol.init Initializing ProtocolHandler ["http-nio-8080"]
02-May-2019 19:10:46.368 INFO [main] org.apache.tomcat.util.net.NioSelectorPool.getSharedSelector Using a shared selector for servlet write/read
02-May-2019 19:10:46.386 INFO [main] org.apache.coyote.AbstractProtocol.init Initializing ProtocolHandler ["ajp-nio-8009"]
02-May-2019 19:10:46.394 INFO [main] org.apache.tomcat.util.net.NioSelectorPool.getSharedSelector Using a shared selector for servlet write/read
02-May-2019 19:10:46.401 INFO [main] org.apache.catalina.startup.Catalina.load Initialization processed in 1003 ms
02-May-2019 19:10:46.451 INFO [main] org.apache.catalina.core.StandardService.startInternal Starting service [Catalina]
02-May-2019 19:10:46.454 INFO [main] org.apache.catalina.core.StandardEngine.startInternal Starting Servlet Engine: Apache Tomcat/8.5.40
02-May-2019 19:10:46.499 INFO [localhost-startStop-1] org.apache.catalina.startup.HostConfig.deployWAR Deploying web application archive [C:\Users\kausen2\Desktop\Tomcat and chrome\apache-tomcat-8.5.40\webapps\BrowserFeedback.war]
02-May-2019 19:10:48.819 INFO [localhost-startStop-1] org.apache.jasper.servlet.TldScanner.scanJars At least one JAR was scanned for TLDs yet contained no TLDs. Enable debug logging for this logger for a complete list of JARs that were scanned but no TLDs were found in them. Skipping unneeded JARs during scanning can improve startup time and JSP compilation time.
02-May-2019 19:10:49.005 WARNING [localhost-startStop-1] org.apache.catalina.util.SessionIdGeneratorBase.createSecureRandom Creation of SecureRandom instance for session ID generation using [SHA1PRNG] took [148] milliseconds.
02-May-2019 19:10:49.247 INFO [localhost-startStop-1] org.apache.catalina.startup.HostConfig.deployWAR Deployment of web application archive [C:\Users\kausen2\Desktop\Tomcat and chrome\apache-tomcat-8.5.40\webapps\BrowserFeedback.war] has finished in [2,749] ms
02-May-2019 19:10:49.255 INFO [localhost-startStop-1] org.apache.catalina.startup.HostConfig.deployDirectory Deploying web application directory [C:\Users\kausen2\Desktop\Tomcat and chrome\apache-tomcat-8.5.40\webapps\docs]
02-May-2019 19:10:49.306 INFO [localhost-startStop-1] org.apache.catalina.startup.HostConfig.deployDirectory Deployment of web application directory [C:\Users\kausen2\Desktop\Tomcat and chrome\apache-tomcat-8.5.40\webapps\docs] has finished in [51] ms
02-May-2019 19:10:49.311 INFO [localhost-startStop-1] org.apache.catalina.startup.HostConfig.deployDirectory Deploying web application directory [C:\Users\kausen2\Desktop\Tomcat and chrome\apache-tomcat-8.5.40\webapps\examples]
02-May-2019 19:10:49.965 INFO [localhost-startStop-1] org.apache.catalina.startup.HostConfig.deployDirectory Deployment of web application directory [C:\Users\kausen2\Desktop\Tomcat and chrome\apache-tomcat-8.5.40\webapps\examples] has finished in [653] ms
02-May-2019 19:10:49.969 INFO [localhost-startStop-1] org.apache.catalina.startup.HostConfig.deployDirectory Deploying web application directory [C:\Users\kausen2\Desktop\Tomcat and chrome\apache-tomcat-8.5.40\webapps\host-manager]
02-May-2019 19:10:50.032 INFO [localhost-startStop-1] org.apache.catalina.startup.HostConfig.deployDirectory Deployment of web application directory [C:\Users\kausen2\Desktop\Tomcat and chrome\apache-tomcat-8.5.40\webapps\host-manager] has finished in [63] ms
02-May-2019 19:10:50.038 INFO [localhost-startStop-1] org.apache.catalina.startup.HostConfig.deployDirectory Deploying web application directory [C:\Users\kausen2\Desktop\Tomcat and chrome\apache-tomcat-8.5.40\webapps\manager]
02-May-2019 19:10:50.109 INFO [localhost-startStop-1] org.apache.catalina.startup.HostConfig.deployDirectory Deployment of web application directory [C:\Users\kausen2\Desktop\Tomcat and chrome\apache-tomcat-8.5.40\webapps\manager] has finished in [70] ms
02-May-2019 19:10:50.115 INFO [localhost-startStop-1] org.apache.catalina.startup.HostConfig.deployDirectory Deploying web application directory [C:\Users\kausen2\Desktop\Tomcat and chrome\apache-tomcat-8.5.40\webapps\ROOT]
02-May-2019 19:10:50.159 INFO [localhost-startStop-1] org.apache.catalina.startup.HostConfig.deployDirectory Deployment of web application directory [C:\Users\kausen2\Desktop\Tomcat and chrome\apache-tomcat-8.5.40\webapps\ROOT] has finished in [45] ms
02-May-2019 19:10:50.172 INFO [main] org.apache.coyote.AbstractProtocol.start Starting ProtocolHandler ["http-nio-8080"]
02-May-2019 19:10:50.194 INFO [main] org.apache.coyote.AbstractProtocol.start Starting ProtocolHandler ["ajp-nio-8009"]
02-May-2019 19:10:50.204 INFO [main] org.apache.catalina.startup.Catalina.start Server startup in 3799 ms
