05-Nov-2016 12:47:52.081 WARNING [main] org.apache.catalina.core.AprLifecycleListener.init The APR based Apache Tomcat Native library failed to load. The error reported was [D:\Tools\Servers\apache-tomcat-8.0.38\bin\tcnative-1.dll: Can't load IA 32-bit .dll on a AMD 64-bit platform]
 java.lang.UnsatisfiedLinkError: D:\Tools\Servers\apache-tomcat-8.0.38\bin\tcnative-1.dll: Can't load IA 32-bit .dll on a AMD 64-bit platform
	at java.lang.ClassLoader$NativeLibrary.load(Native Method)
	at java.lang.ClassLoader.loadLibrary0(ClassLoader.java:1937)
	at java.lang.ClassLoader.loadLibrary(ClassLoader.java:1855)
	at java.lang.Runtime.loadLibrary0(Runtime.java:870)
	at java.lang.System.loadLibrary(System.java:1122)
	at org.apache.tomcat.jni.Library.<init>(Library.java:42)
	at org.apache.tomcat.jni.Library.initialize(Library.java:178)
	at org.apache.catalina.core.AprLifecycleListener.init(AprLifecycleListener.java:197)
	at org.apache.catalina.core.AprLifecycleListener.isAprAvailable(AprLifecycleListener.java:106)
	at org.apache.catalina.connector.Connector.setProtocol(Connector.java:564)
	at org.apache.catalina.connector.Connector.<init>(Connector.java:66)
	at org.apache.catalina.startup.ConnectorCreateRule.begin(ConnectorCreateRule.java:62)
	at org.apache.tomcat.util.digester.Digester.startElement(Digester.java:1180)
	at com.sun.org.apache.xerces.internal.parsers.AbstractSAXParser.startElement(AbstractSAXParser.java:509)
	at com.sun.org.apache.xerces.internal.parsers.AbstractXMLDocumentParser.emptyElement(AbstractXMLDocumentParser.java:182)
	at com.sun.org.apache.xerces.internal.impl.XMLDocumentFragmentScannerImpl.scanStartElement(XMLDocumentFragmentScannerImpl.java:1343)
	at com.sun.org.apache.xerces.internal.impl.XMLDocumentFragmentScannerImpl$FragmentContentDriver.next(XMLDocumentFragmentScannerImpl.java:2786)
	at com.sun.org.apache.xerces.internal.impl.XMLDocumentScannerImpl.next(XMLDocumentScannerImpl.java:606)
	at com.sun.org.apache.xerces.internal.impl.XMLDocumentFragmentScannerImpl.scanDocument(XMLDocumentFragmentScannerImpl.java:510)
	at com.sun.org.apache.xerces.internal.parsers.XML11Configuration.parse(XML11Configuration.java:848)
	at com.sun.org.apache.xerces.internal.parsers.XML11Configuration.parse(XML11Configuration.java:777)
	at com.sun.org.apache.xerces.internal.parsers.XMLParser.parse(XMLParser.java:141)
	at com.sun.org.apache.xerces.internal.parsers.AbstractSAXParser.parse(AbstractSAXParser.java:1213)
	at com.sun.org.apache.xerces.internal.jaxp.SAXParserImpl$JAXPSAXParser.parse(SAXParserImpl.java:649)
	at org.apache.tomcat.util.digester.Digester.parse(Digester.java:1448)
	at org.apache.catalina.startup.Catalina.load(Catalina.java:552)
	at org.apache.catalina.startup.Catalina.load(Catalina.java:603)
	at sun.reflect.NativeMethodAccessorImpl.invoke0(Native Method)
	at sun.reflect.NativeMethodAccessorImpl.invoke(NativeMethodAccessorImpl.java:62)
	at sun.reflect.DelegatingMethodAccessorImpl.invoke(DelegatingMethodAccessorImpl.java:43)
	at java.lang.reflect.Method.invoke(Method.java:497)
	at org.apache.catalina.startup.Bootstrap.load(Bootstrap.java:310)
	at org.apache.catalina.startup.Bootstrap.main(Bootstrap.java:484)

05-Nov-2016 12:47:52.237 INFO [main] org.apache.catalina.startup.VersionLoggerListener.log Server version:        Apache Tomcat/8.0.38
05-Nov-2016 12:47:52.237 INFO [main] org.apache.catalina.startup.VersionLoggerListener.log Server built:          Oct 6 2016 20:51:55 UTC
05-Nov-2016 12:47:52.238 INFO [main] org.apache.catalina.startup.VersionLoggerListener.log Server number:         8.0.38.0
05-Nov-2016 12:47:52.239 INFO [main] org.apache.catalina.startup.VersionLoggerListener.log OS Name:               Windows 8.1
05-Nov-2016 12:47:52.240 INFO [main] org.apache.catalina.startup.VersionLoggerListener.log OS Version:            6.3
05-Nov-2016 12:47:52.241 INFO [main] org.apache.catalina.startup.VersionLoggerListener.log Architecture:          amd64
05-Nov-2016 12:47:52.241 INFO [main] org.apache.catalina.startup.VersionLoggerListener.log Java Home:             D:\Tools\jdk1.8.0_51\jre
05-Nov-2016 12:47:52.242 INFO [main] org.apache.catalina.startup.VersionLoggerListener.log JVM Version:           1.8.0_51-b16
05-Nov-2016 12:47:52.243 INFO [main] org.apache.catalina.startup.VersionLoggerListener.log JVM Vendor:            Oracle Corporation
05-Nov-2016 12:47:52.244 INFO [main] org.apache.catalina.startup.VersionLoggerListener.log CATALINA_BASE:         D:\Tools\Servers\apache-tomcat-8.0.38
05-Nov-2016 12:47:52.246 INFO [main] org.apache.catalina.startup.VersionLoggerListener.log CATALINA_HOME:         D:\Tools\Servers\apache-tomcat-8.0.38
05-Nov-2016 12:47:52.247 INFO [main] org.apache.catalina.startup.VersionLoggerListener.log Command line argument: -Djdk.tls.ephemeralDHKeySize=2048
05-Nov-2016 12:47:52.247 INFO [main] org.apache.catalina.startup.VersionLoggerListener.log Command line argument: -Djava.protocol.handler.pkgs=org.apache.catalina.webresources
05-Nov-2016 12:47:52.248 INFO [main] org.apache.catalina.startup.VersionLoggerListener.log Command line argument: -Djava.util.logging.config.file=D:\Tools\Servers\apache-tomcat-8.0.38\conf\logging.properties
05-Nov-2016 12:47:52.249 INFO [main] org.apache.catalina.startup.VersionLoggerListener.log Command line argument: -Djava.util.logging.manager=org.apache.juli.ClassLoaderLogManager
05-Nov-2016 12:47:52.250 INFO [main] org.apache.catalina.startup.VersionLoggerListener.log Command line argument: -Djava.endorsed.dirs=D:\Tools\Servers\apache-tomcat-8.0.38\endorsed
05-Nov-2016 12:47:52.250 INFO [main] org.apache.catalina.startup.VersionLoggerListener.log Command line argument: -Dcatalina.base=D:\Tools\Servers\apache-tomcat-8.0.38
05-Nov-2016 12:47:52.251 INFO [main] org.apache.catalina.startup.VersionLoggerListener.log Command line argument: -Dcatalina.home=D:\Tools\Servers\apache-tomcat-8.0.38
05-Nov-2016 12:47:52.251 INFO [main] org.apache.catalina.startup.VersionLoggerListener.log Command line argument: -Djava.io.tmpdir=D:\Tools\Servers\apache-tomcat-8.0.38\temp
05-Nov-2016 12:47:52.893 INFO [main] org.apache.coyote.AbstractProtocol.init Initializing ProtocolHandler ["http-nio-8090"]
05-Nov-2016 12:47:53.076 INFO [main] org.apache.tomcat.util.net.NioSelectorPool.getSharedSelector Using a shared selector for servlet write/read
05-Nov-2016 12:47:53.079 INFO [main] org.apache.coyote.AbstractProtocol.init Initializing ProtocolHandler ["ajp-nio-8009"]
05-Nov-2016 12:47:53.083 INFO [main] org.apache.tomcat.util.net.NioSelectorPool.getSharedSelector Using a shared selector for servlet write/read
05-Nov-2016 12:47:53.083 INFO [main] org.apache.catalina.startup.Catalina.load Initialization processed in 1767 ms
05-Nov-2016 12:47:53.120 INFO [main] org.apache.catalina.core.StandardService.startInternal Starting service Catalina
05-Nov-2016 12:47:53.120 INFO [main] org.apache.catalina.core.StandardEngine.startInternal Starting Servlet Engine: Apache Tomcat/8.0.38
05-Nov-2016 12:47:53.145 INFO [localhost-startStop-1] org.apache.catalina.startup.HostConfig.deployDirectory Deploying web application directory D:\Tools\Servers\apache-tomcat-8.0.38\webapps\docs
05-Nov-2016 12:47:53.700 INFO [localhost-startStop-1] org.apache.catalina.util.SessionIdGeneratorBase.createSecureRandom Creation of SecureRandom instance for session ID generation using [SHA1PRNG] took [131] milliseconds.
05-Nov-2016 12:47:53.729 INFO [localhost-startStop-1] org.apache.catalina.startup.HostConfig.deployDirectory Deployment of web application directory D:\Tools\Servers\apache-tomcat-8.0.38\webapps\docs has finished in 584 ms
05-Nov-2016 12:47:53.730 INFO [localhost-startStop-1] org.apache.catalina.startup.HostConfig.deployDirectory Deploying web application directory D:\Tools\Servers\apache-tomcat-8.0.38\webapps\examples
05-Nov-2016 12:47:54.309 INFO [localhost-startStop-1] org.apache.catalina.startup.HostConfig.deployDirectory Deployment of web application directory D:\Tools\Servers\apache-tomcat-8.0.38\webapps\examples has finished in 579 ms
05-Nov-2016 12:47:54.309 INFO [localhost-startStop-1] org.apache.catalina.startup.HostConfig.deployDirectory Deploying web application directory D:\Tools\Servers\apache-tomcat-8.0.38\webapps\host-manager
05-Nov-2016 12:47:54.346 INFO [localhost-startStop-1] org.apache.catalina.startup.HostConfig.deployDirectory Deployment of web application directory D:\Tools\Servers\apache-tomcat-8.0.38\webapps\host-manager has finished in 36 ms
05-Nov-2016 12:47:54.346 INFO [localhost-startStop-1] org.apache.catalina.startup.HostConfig.deployDirectory Deploying web application directory D:\Tools\Servers\apache-tomcat-8.0.38\webapps\manager
05-Nov-2016 12:47:54.386 INFO [localhost-startStop-1] org.apache.catalina.startup.HostConfig.deployDirectory Deployment of web application directory D:\Tools\Servers\apache-tomcat-8.0.38\webapps\manager has finished in 40 ms
05-Nov-2016 12:47:54.387 INFO [localhost-startStop-1] org.apache.catalina.startup.HostConfig.deployDirectory Deploying web application directory D:\Tools\Servers\apache-tomcat-8.0.38\webapps\ROOT
05-Nov-2016 12:47:54.415 INFO [localhost-startStop-1] org.apache.catalina.startup.HostConfig.deployDirectory Deployment of web application directory D:\Tools\Servers\apache-tomcat-8.0.38\webapps\ROOT has finished in 28 ms
05-Nov-2016 12:47:54.419 INFO [main] org.apache.coyote.AbstractProtocol.start Starting ProtocolHandler ["http-nio-8090"]
05-Nov-2016 12:47:54.427 INFO [main] org.apache.coyote.AbstractProtocol.start Starting ProtocolHandler ["ajp-nio-8009"]
05-Nov-2016 12:47:54.430 INFO [main] org.apache.catalina.startup.Catalina.start Server startup in 1346 ms
05-Nov-2016 12:48:09.791 INFO [Thread-5] org.apache.coyote.AbstractProtocol.pause Pausing ProtocolHandler ["http-nio-8090"]
05-Nov-2016 12:48:09.881 INFO [Thread-5] org.apache.coyote.AbstractProtocol.pause Pausing ProtocolHandler ["ajp-nio-8009"]
05-Nov-2016 12:48:09.934 INFO [Thread-5] org.apache.catalina.core.StandardService.stopInternal Stopping service Catalina
05-Nov-2016 12:48:10.004 INFO [Thread-5] org.apache.coyote.AbstractProtocol.stop Stopping ProtocolHandler ["http-nio-8090"]
05-Nov-2016 12:48:10.008 INFO [Thread-5] org.apache.coyote.AbstractProtocol.stop Stopping ProtocolHandler ["ajp-nio-8009"]
05-Nov-2016 12:48:10.010 INFO [Thread-5] org.apache.coyote.AbstractProtocol.destroy Destroying ProtocolHandler ["http-nio-8090"]
05-Nov-2016 12:48:10.015 INFO [Thread-5] org.apache.coyote.AbstractProtocol.destroy Destroying ProtocolHandler ["ajp-nio-8009"]
